Release 14.7 - xst P.20131013 (nt64)
Copyright (c) 1995-2013 Xilinx, Inc.  All rights reserved.
--> Parameter TMPDIR set to xst/projnav.tmp


Total REAL time to Xst completion: 1.00 secs
Total CPU time to Xst completion: 0.12 secs
 
--> Parameter xsthdpdir set to xst


Total REAL time to Xst completion: 1.00 secs
Total CPU time to Xst completion: 0.12 secs
 
--> Reading design: toplevel.prj

TABLE OF CONTENTS
  1) Synthesis Options Summary
  2) HDL Compilation
  3) Design Hierarchy Analysis
  4) HDL Analysis
  5) HDL Synthesis
     5.1) HDL Synthesis Report
  6) Advanced HDL Synthesis
     6.1) Advanced HDL Synthesis Report
  7) Low Level Synthesis
  8) Partition Report
  9) Final Report
	9.1) Device utilization summary
	9.2) Partition Resource Summary
	9.3) TIMING REPORT


=========================================================================
*                      Synthesis Options Summary                        *
=========================================================================
---- Source Parameters
Input File Name                    : "toplevel.prj"
Input Format                       : mixed
Ignore Synthesis Constraint File   : NO

---- Target Parameters
Output File Name                   : "toplevel"
Output Format                      : NGC
Target Device                      : xc3s100e-4-cp132

---- Source Options
Top Module Name                    : toplevel
Automatic FSM Extraction           : YES
FSM Encoding Algorithm             : Auto
Safe Implementation                : No
FSM Style                          : LUT
RAM Extraction                     : Yes
RAM Style                          : Auto
ROM Extraction                     : Yes
Mux Style                          : Auto
Decoder Extraction                 : YES
Priority Encoder Extraction        : Yes
Shift Register Extraction          : YES
Logical Shifter Extraction         : YES
XOR Collapsing                     : YES
ROM Style                          : Auto
Mux Extraction                     : Yes
Resource Sharing                   : YES
Asynchronous To Synchronous        : NO
Multiplier Style                   : Auto
Automatic Register Balancing       : No

---- Target Options
Add IO Buffers                     : YES
Global Maximum Fanout              : 100000
Add Generic Clock Buffer(BUFG)     : 24
Register Duplication               : YES
Slice Packing                      : YES
Optimize Instantiated Primitives   : NO
Use Clock Enable                   : Yes
Use Synchronous Set                : Yes
Use Synchronous Reset              : Yes
Pack IO Registers into IOBs        : Auto
Equivalent register Removal        : YES

---- General Options
Optimization Goal                  : Speed
Optimization Effort                : 1
Keep Hierarchy                     : No
Netlist Hierarchy                  : As_Optimized
RTL Output                         : Yes
Global Optimization                : AllClockNets
Read Cores                         : YES
Write Timing Constraints           : NO
Cross Clock Analysis               : NO
Hierarchy Separator                : /
Bus Delimiter                      : <>
Case Specifier                     : Maintain
Slice Utilization Ratio            : 100
BRAM Utilization Ratio             : 100
Verilog 2001                       : YES
Auto BRAM Packing                  : NO
Slice Utilization Ratio Delta      : 5

=========================================================================


=========================================================================
*                          HDL Compilation                              *
=========================================================================
Compiling vhdl file "C:/Users/Connor/Desktop/CRenc4bin.vhd" in Library work.
Architecture behavioral of Entity crenc4bin is up to date.
Compiling vhdl file "C:/Users/Connor/Desktop/keyCR4b.vhd" in Library work.
Architecture behavioral of Entity keycr4b is up to date.
Compiling vhdl file "C:/Users/Connor/Desktop/SSD_1dig.vhd" in Library work.
Architecture behavioral of Entity ssd_1dig is up to date.
Compiling vhdl file "C:/Users/Connor/Desktop/mux4SSD.vhd" in Library work.
Architecture behavioral of Entity mux4ssd is up to date.
Compiling vhdl file "C:/Users/Connor/Desktop/sel_strobeB.vhd" in Library work.
Architecture behavioral of Entity sel_strobeb is up to date.
Compiling vhdl file "C:/Users/Connor/Desktop/DCM_50M.vhd" in Library work.
Architecture behavioral of Entity dcm_50m is up to date.
Compiling vhdl file "C:/Users/Connor/Desktop/bin2BCD3en.vhd" in Library work.
Architecture behavioral of Entity bin2bcd3en is up to date.
Compiling vhdl file "C:/Users/Connor/Desktop/sRAM32x8_generic.vhd" in Library work.
Architecture behavioral of Entity sram32x8_generic is up to date.
Compiling vhdl file "C:/Users/Connor/Documents/Phys301/finalproject/toplevel.vhf" in Library work.
Entity <fd4ce_mxilinx_toplevel> compiled.
Entity <fd4ce_mxilinx_toplevel> (Architecture <behavioral>) compiled.
Entity <keypad_muser_toplevel> compiled.
Entity <keypad_muser_toplevel> (Architecture <behavioral>) compiled.
Entity <toplevel> compiled.
Entity <toplevel> (Architecture <behavioral>) compiled.
Compiling vhdl file "C:/Users/Connor/Documents/Phys301/finalproject/KeyPad.vhf" in Library work.
Entity <fd4ce_mxilinx_keypad> compiled.
Entity <fd4ce_mxilinx_keypad> (Architecture <behavioral>) compiled.
Entity <keypad> compiled.
Entity <keypad> (Architecture <behavioral>) compiled.

=========================================================================
*                     Design Hierarchy Analysis                         *
=========================================================================
Analyzing hierarchy for entity <toplevel> in library <work> (architecture <behavioral>).

Analyzing hierarchy for entity <SSD_1dig> in library <work> (architecture <behavioral>).

Analyzing hierarchy for entity <mux4SSD> in library <work> (architecture <behavioral>).

Analyzing hierarchy for entity <sel_strobeB> in library <work> (architecture <behavioral>).

Analyzing hierarchy for entity <DCM_50M> in library <work> (architecture <behavioral>) with generics.
	DIV100 = 50
	DIV1k = 500
	DIV50 = 25

Analyzing hierarchy for entity <bin2BCD3en> in library <work> (architecture <behavioral>).

Analyzing hierarchy for entity <sRAM32x8_generic> in library <work> (architecture <behavioral>).

Analyzing hierarchy for entity <KeyPad_MUSER_toplevel> in library <work> (architecture <behavioral>).

Analyzing hierarchy for entity <keyCR4b> in library <work> (architecture <behavioral>).

Analyzing hierarchy for entity <FD4CE_MXILINX_toplevel> in library <work> (architecture <behavioral>).

Analyzing hierarchy for entity <CRenc4bin> in library <work> (architecture <behavioral>).


=========================================================================
*                            HDL Analysis                               *
=========================================================================
Analyzing Entity <toplevel> in library <work> (Architecture <behavioral>).
WARNING:Xst:753 - "C:/Users/Connor/Documents/Phys301/finalproject/toplevel.vhf" line 353: Unconnected output port 'CLK1M' of component 'DCM_50M'.
WARNING:Xst:753 - "C:/Users/Connor/Documents/Phys301/finalproject/toplevel.vhf" line 353: Unconnected output port 'CLK10k' of component 'DCM_50M'.
WARNING:Xst:753 - "C:/Users/Connor/Documents/Phys301/finalproject/toplevel.vhf" line 361: Unconnected output port 'RBout' of component 'bin2BCD3en'.
WARNING:Xst:753 - "C:/Users/Connor/Documents/Phys301/finalproject/toplevel.vhf" line 374: Unconnected output port 'Q' of component 'sRAM32x8_generic'.
Entity <toplevel> analyzed. Unit <toplevel> generated.

Analyzing Entity <SSD_1dig> in library <work> (Architecture <behavioral>).
Entity <SSD_1dig> analyzed. Unit <SSD_1dig> generated.

Analyzing Entity <mux4SSD> in library <work> (Architecture <behavioral>).
Entity <mux4SSD> analyzed. Unit <mux4SSD> generated.

Analyzing Entity <sel_strobeB> in library <work> (Architecture <behavioral>).
Entity <sel_strobeB> analyzed. Unit <sel_strobeB> generated.

Analyzing generic Entity <DCM_50M> in library <work> (Architecture <behavioral>).
	DIV100 = 50
	DIV1k = 500
	DIV50 = 25
Entity <DCM_50M> analyzed. Unit <DCM_50M> generated.

Analyzing Entity <bin2BCD3en> in library <work> (Architecture <behavioral>).
INFO:Xst:1561 - "C:/Users/Connor/Desktop/bin2BCD3en.vhd" line 62: Mux is complete : default of case is discarded
INFO:Xst:1561 - "C:/Users/Connor/Desktop/bin2BCD3en.vhd" line 62: Mux is complete : default of case is discarded
INFO:Xst:2679 - Register <Dout3> in unit <bin2BCD3en> has a constant value of 0000 during circuit operation. The register is replaced by logic.
Entity <bin2BCD3en> analyzed. Unit <bin2BCD3en> generated.

Analyzing Entity <sRAM32x8_generic> in library <work> (Architecture <behavioral>).
Entity <sRAM32x8_generic> analyzed. Unit <sRAM32x8_generic> generated.

Analyzing Entity <KeyPad_MUSER_toplevel> in library <work> (Architecture <behavioral>).
    Set user-defined property "HU_SET =  XLXI_69_7" for instance <XLXI_69> in unit <KeyPad_MUSER_toplevel>.
    Set user-defined property "HU_SET =  XLXI_70_8" for instance <XLXI_70> in unit <KeyPad_MUSER_toplevel>.
    Set user-defined property "INIT =  0" for instance <XLXI_89> in unit <KeyPad_MUSER_toplevel>.
    Set user-defined property "HU_SET =  XLXI_110_6" for instance <XLXI_110> in unit <KeyPad_MUSER_toplevel>.
Entity <KeyPad_MUSER_toplevel> analyzed. Unit <KeyPad_MUSER_toplevel> generated.

Analyzing Entity <keyCR4b> in library <work> (Architecture <behavioral>).
Entity <keyCR4b> analyzed. Unit <keyCR4b> generated.

Analyzing Entity <CRenc4bin> in library <work> (Architecture <behavioral>).
Entity <CRenc4bin> analyzed. Unit <CRenc4bin> generated.

Analyzing Entity <FD4CE_MXILINX_toplevel> in library <work> (Architecture <behavioral>).
    Set user-defined property "INIT =  0" for instance <I_Q0> in unit <FD4CE_MXILINX_toplevel>.
    Set user-defined property "INIT =  0" for instance <I_Q1> in unit <FD4CE_MXILINX_toplevel>.
    Set user-defined property "INIT =  0" for instance <I_Q2> in unit <FD4CE_MXILINX_toplevel>.
    Set user-defined property "INIT =  0" for instance <I_Q3> in unit <FD4CE_MXILINX_toplevel>.
Entity <FD4CE_MXILINX_toplevel> analyzed. Unit <FD4CE_MXILINX_toplevel> generated.


=========================================================================
*                           HDL Synthesis                               *
=========================================================================

Performing bidirectional port resolution...

Synthesizing Unit <SSD_1dig>.
    Related source file is "C:/Users/Connor/Desktop/SSD_1dig.vhd".
    Found 16x7-bit ROM for signal <hexD$rom0000>.
    Summary:
	inferred   1 ROM(s).
Unit <SSD_1dig> synthesized.


Synthesizing Unit <mux4SSD>.
    Related source file is "C:/Users/Connor/Desktop/mux4SSD.vhd".
Unit <mux4SSD> synthesized.


Synthesizing Unit <sel_strobeB>.
    Related source file is "C:/Users/Connor/Desktop/sel_strobeB.vhd".
    Found 4x2-bit ROM for signal <sel$mux0001> created at line 44.
    Found 2-bit register for signal <sel>.
    Found 2-bit register for signal <selx>.
    Summary:
	inferred   1 ROM(s).
	inferred   4 D-type flip-flop(s).
Unit <sel_strobeB> synthesized.


Synthesizing Unit <DCM_50M>.
    Related source file is "C:/Users/Connor/Desktop/DCM_50M.vhd".
    Found 1-bit register for signal <clk_1>.
    Found 32-bit adder for signal <clk_1$add0000> created at line 121.
    Found 1-bit register for signal <clk_10k>.
    Found 1-bit register for signal <clk_1k>.
    Found 32-bit adder for signal <clk_1k$add0000> created at line 101.
    Found 1-bit register for signal <clk_1m>.
    Found 32-bit adder for signal <clk_1m$add0000> created at line 61.
    Found 32-bit up counter for signal <cnt1>.
    Found 32-bit comparator greater for signal <cnt1$cmp_gt0000> created at line 122.
    Found 32-bit up counter for signal <cnt10k>.
    Found 32-bit adder for signal <cnt10k$add0000> created at line 81.
    Found 32-bit comparator greater for signal <cnt10k$cmp_gt0000> created at line 82.
    Found 32-bit up counter for signal <cnt1k>.
    Found 32-bit comparator greater for signal <cnt1k$cmp_gt0000> created at line 102.
    Found 32-bit up counter for signal <cnt1M>.
    Found 32-bit comparator greatequal for signal <cnt1M$cmp_ge0000> created at line 62.
    Summary:
	inferred   4 Counter(s).
	inferred   4 D-type flip-flop(s).
	inferred   4 Adder/Subtractor(s).
	inferred   4 Comparator(s).
Unit <DCM_50M> synthesized.


Synthesizing Unit <bin2BCD3en>.
    Related source file is "C:/Users/Connor/Desktop/bin2BCD3en.vhd".
    Found 16x4-bit ROM for signal <b9$mux0000> created at line 50.
    Found 16x4-bit ROM for signal <b8$mux0000> created at line 50.
    Found 16x4-bit ROM for signal <b7$mux0000> created at line 50.
    Found 16x4-bit ROM for signal <b6$mux0000> created at line 50.
    Found 16x4-bit ROM for signal <b4$mux0000> created at line 50.
    Found 8x4-bit ROM for signal <b$mux0000> created at line 50.
    Found 16x4-bit ROM for signal <b11$mux0000> created at line 50.
    Found 16x4-bit ROM for signal <b10$mux0000> created at line 50.
    Found 4-bit register for signal <RBout>.
    Found 4-bit register for signal <Dout0>.
    Found 4-bit register for signal <Dout1>.
    Found 4-bit register for signal <Dout2>.
    Summary:
	inferred   8 ROM(s).
	inferred  12 D-type flip-flop(s).
Unit <bin2BCD3en> synthesized.


Synthesizing Unit <sRAM32x8_generic>.
    Related source file is "C:/Users/Connor/Desktop/sRAM32x8_generic.vhd".
    Found 8-bit tristate buffer for signal <Q>.
    Found 256-bit register for signal <mem>.
    Found 8-bit 32-to-1 multiplexer for signal <Q$mux0000> created at line 67.
INFO:Xst:738 - HDL ADVISOR - 256 flip-flops were inferred for signal <mem>. You may be trying to describe a RAM in a way that is incompatible with block and distributed RAM resources available on Xilinx devices, or with a specific template that is not supported. Please review the Xilinx resources documentation and the XST user manual for coding guidelines. Taking advantage of RAM resources will lead to improved device usage and reduced synthesis time.
    Summary:
	inferred 256 D-type flip-flop(s).
	inferred   8 Multiplexer(s).
	inferred   8 Tristate(s).
Unit <sRAM32x8_generic> synthesized.


Synthesizing Unit <CRenc4bin>.
    Related source file is "C:/Users/Connor/Desktop/CRenc4bin.vhd".
    Found 4-bit register for signal <colO>.
    Found 1-bit register for signal <keyO>.
    Found 4-bit register for signal <binO>.
    Found 4-bit register for signal <colI>.
    Summary:
	inferred  13 D-type flip-flop(s).
Unit <CRenc4bin> synthesized.


Synthesizing Unit <keyCR4b>.
    Related source file is "C:/Users/Connor/Desktop/keyCR4b.vhd".
Unit <keyCR4b> synthesized.


Synthesizing Unit <FD4CE_MXILINX_toplevel>.
    Related source file is "C:/Users/Connor/Documents/Phys301/finalproject/toplevel.vhf".
Unit <FD4CE_MXILINX_toplevel> synthesized.


Synthesizing Unit <KeyPad_MUSER_toplevel>.
    Related source file is "C:/Users/Connor/Documents/Phys301/finalproject/toplevel.vhf".
WARNING:Xst:653 - Signal <XLXI_70_CLR_openSignal> is used but never assigned. This sourceless signal will be automatically connected to value 0.
WARNING:Xst:653 - Signal <XLXI_69_CLR_openSignal> is used but never assigned. This sourceless signal will be automatically connected to value 0.
WARNING:Xst:653 - Signal <XLXI_110_CLR_openSignal> is used but never assigned. This sourceless signal will be automatically connected to value 0.
Unit <KeyPad_MUSER_toplevel> synthesized.


Synthesizing Unit <toplevel>.
    Related source file is "C:/Users/Connor/Documents/Phys301/finalproject/toplevel.vhf".
WARNING:Xst:646 - Signal <cl1> is assigned but never used. This unconnected signal will be trimmed during the optimization process.
WARNING:Xst:653 - Signal <XLXI_68_nWE_openSignal> is used but never assigned. This sourceless signal will be automatically connected to value 0.
WARNING:Xst:653 - Signal <XLXI_68_nCS_openSignal> is used but never assigned. This sourceless signal will be automatically connected to value 0.
WARNING:Xst:653 - Signal <XLXI_68_WCLK_openSignal> is used but never assigned. This sourceless signal will be automatically connected to value 0.
WARNING:Xst:653 - Signal <XLXI_68_D_openSignal> is used but never assigned. This sourceless signal will be automatically connected to value 00000000.
WARNING:Xst:653 - Signal <XLXI_68_A_openSignal> is used but never assigned. This sourceless signal will be automatically connected to value 00000.
WARNING:Xst:653 - Signal <XLXI_50_RST_openSignal> is used but never assigned. This sourceless signal will be automatically connected to value 0.
WARNING:Xst:653 - Signal <XLXI_11_dp_in_openSignal> is used but never assigned. This sourceless signal will be automatically connected to value 0000.
Unit <toplevel> synthesized.


=========================================================================
HDL Synthesis Report

Macro Statistics
# ROMs                                                 : 10
 16x4-bit ROM                                          : 7
 16x7-bit ROM                                          : 1
 4x2-bit ROM                                           : 1
 8x4-bit ROM                                           : 1
# Adders/Subtractors                                   : 4
 32-bit adder                                          : 4
# Counters                                             : 4
 32-bit up counter                                     : 4
# Registers                                            : 52
 1-bit register                                        : 13
 2-bit register                                        : 2
 4-bit register                                        : 5
 8-bit register                                        : 32
# Comparators                                          : 4
 32-bit comparator greatequal                          : 1
 32-bit comparator greater                             : 3
# Multiplexers                                         : 1
 8-bit 32-to-1 multiplexer                             : 1
# Tristates                                            : 1
 8-bit tristate buffer                                 : 1

=========================================================================

=========================================================================
*                       Advanced HDL Synthesis                          *
=========================================================================

WARNING:Xst:1290 - Hierarchical block <XLXI_68> is unconnected in block <toplevel>.
   It will be removed from the design.
INFO:Xst:2261 - The FF/Latch <Dout2_2> in Unit <XLXI_51> is equivalent to the following FF/Latch, which will be removed : <Dout2_3> 
WARNING:Xst:1710 - FF/Latch <Dout2_2> (without init value) has a constant value of 0 in block <XLXI_51>. This FF/Latch will be trimmed during the optimization process.
WARNING:Xst:2404 -  FFs/Latches <Dout2<3:2>> (without init value) have a constant value of 0 in block <bin2BCD3en>.

Synthesizing (advanced) Unit <sel_strobeB>.
INFO:Xst:3034 - In order to maximize performance and save block RAM resources, the small ROM <Mrom_sel_mux0001> will be implemented on LUT. If you want to force its implementation on block, use option/constraint rom_style.
Unit <sel_strobeB> synthesized (advanced).

=========================================================================
Advanced HDL Synthesis Report

Macro Statistics
# ROMs                                                 : 10
 16x4-bit ROM                                          : 7
 16x7-bit ROM                                          : 1
 4x2-bit ROM                                           : 1
 8x4-bit ROM                                           : 1
# Adders/Subtractors                                   : 4
 32-bit adder                                          : 4
# Counters                                             : 4
 32-bit up counter                                     : 4
# Registers                                            : 304
 Flip-Flops                                            : 304
# Comparators                                          : 4
 32-bit comparator greatequal                          : 1
 32-bit comparator greater                             : 3
# Multiplexers                                         : 1
 8-bit 32-to-1 multiplexer                             : 1

=========================================================================

=========================================================================
*                         Low Level Synthesis                           *
=========================================================================
INFO:Xst:2261 - The FF/Latch <mem_9_0> in Unit <sRAM32x8_generic> is equivalent to the following 7 FFs/Latches, which will be removed : <mem_9_1> <mem_9_2> <mem_9_3> <mem_9_4> <mem_9_5> <mem_9_6> <mem_9_7> 
INFO:Xst:2261 - The FF/Latch <mem_21_0> in Unit <sRAM32x8_generic> is equivalent to the following 7 FFs/Latches, which will be removed : <mem_21_1> <mem_21_2> <mem_21_3> <mem_21_4> <mem_21_5> <mem_21_6> <mem_21_7> 
INFO:Xst:2261 - The FF/Latch <mem_16_0> in Unit <sRAM32x8_generic> is equivalent to the following 7 FFs/Latches, which will be removed : <mem_16_1> <mem_16_2> <mem_16_3> <mem_16_4> <mem_16_5> <mem_16_6> <mem_16_7> 
INFO:Xst:2261 - The FF/Latch <mem_7_0> in Unit <sRAM32x8_generic> is equivalent to the following 7 FFs/Latches, which will be removed : <mem_7_1> <mem_7_2> <mem_7_3> <mem_7_4> <mem_7_5> <mem_7_6> <mem_7_7> 
INFO:Xst:2261 - The FF/Latch <mem_14_0> in Unit <sRAM32x8_generic> is equivalent to the following 7 FFs/Latches, which will be removed : <mem_14_1> <mem_14_2> <mem_14_3> <mem_14_4> <mem_14_5> <mem_14_6> <mem_14_7> 
INFO:Xst:2261 - The FF/Latch <mem_5_0> in Unit <sRAM32x8_generic> is equivalent to the following 7 FFs/Latches, which will be removed : <mem_5_1> <mem_5_2> <mem_5_3> <mem_5_4> <mem_5_5> <mem_5_6> <mem_5_7> 
INFO:Xst:2261 - The FF/Latch <mem_0_0> in Unit <sRAM32x8_generic> is equivalent to the following 7 FFs/Latches, which will be removed : <mem_0_1> <mem_0_2> <mem_0_3> <mem_0_4> <mem_0_5> <mem_0_6> <mem_0_7> 
INFO:Xst:2261 - The FF/Latch <mem_12_0> in Unit <sRAM32x8_generic> is equivalent to the following 7 FFs/Latches, which will be removed : <mem_12_1> <mem_12_2> <mem_12_3> <mem_12_4> <mem_12_5> <mem_12_6> <mem_12_7> 
INFO:Xst:2261 - The FF/Latch <mem_3_0> in Unit <sRAM32x8_generic> is equivalent to the following 7 FFs/Latches, which will be removed : <mem_3_1> <mem_3_2> <mem_3_3> <mem_3_4> <mem_3_5> <mem_3_6> <mem_3_7> 
INFO:Xst:2261 - The FF/Latch <mem_10_0> in Unit <sRAM32x8_generic> is equivalent to the following 7 FFs/Latches, which will be removed : <mem_10_1> <mem_10_2> <mem_10_3> <mem_10_4> <mem_10_5> <mem_10_6> <mem_10_7> 
INFO:Xst:2261 - The FF/Latch <mem_1_0> in Unit <sRAM32x8_generic> is equivalent to the following 7 FFs/Latches, which will be removed : <mem_1_1> <mem_1_2> <mem_1_3> <mem_1_4> <mem_1_5> <mem_1_6> <mem_1_7> 
INFO:Xst:2261 - The FF/Latch <mem_28_0> in Unit <sRAM32x8_generic> is equivalent to the following 7 FFs/Latches, which will be removed : <mem_28_1> <mem_28_2> <mem_28_3> <mem_28_4> <mem_28_5> <mem_28_6> <mem_28_7> 
INFO:Xst:2261 - The FF/Latch <mem_31_0> in Unit <sRAM32x8_generic> is equivalent to the following 7 FFs/Latches, which will be removed : <mem_31_1> <mem_31_2> <mem_31_3> <mem_31_4> <mem_31_5> <mem_31_6> <mem_31_7> 
INFO:Xst:2261 - The FF/Latch <mem_26_0> in Unit <sRAM32x8_generic> is equivalent to the following 7 FFs/Latches, which will be removed : <mem_26_1> <mem_26_2> <mem_26_3> <mem_26_4> <mem_26_5> <mem_26_6> <mem_26_7> 
INFO:Xst:2261 - The FF/Latch <mem_24_0> in Unit <sRAM32x8_generic> is equivalent to the following 7 FFs/Latches, which will be removed : <mem_24_1> <mem_24_2> <mem_24_3> <mem_24_4> <mem_24_5> <mem_24_6> <mem_24_7> 
INFO:Xst:2261 - The FF/Latch <mem_19_0> in Unit <sRAM32x8_generic> is equivalent to the following 7 FFs/Latches, which will be removed : <mem_19_1> <mem_19_2> <mem_19_3> <mem_19_4> <mem_19_5> <mem_19_6> <mem_19_7> 
INFO:Xst:2261 - The FF/Latch <mem_22_0> in Unit <sRAM32x8_generic> is equivalent to the following 7 FFs/Latches, which will be removed : <mem_22_1> <mem_22_2> <mem_22_3> <mem_22_4> <mem_22_5> <mem_22_6> <mem_22_7> 
INFO:Xst:2261 - The FF/Latch <mem_17_0> in Unit <sRAM32x8_generic> is equivalent to the following 7 FFs/Latches, which will be removed : <mem_17_1> <mem_17_2> <mem_17_3> <mem_17_4> <mem_17_5> <mem_17_6> <mem_17_7> 
INFO:Xst:2261 - The FF/Latch <mem_8_0> in Unit <sRAM32x8_generic> is equivalent to the following 7 FFs/Latches, which will be removed : <mem_8_1> <mem_8_2> <mem_8_3> <mem_8_4> <mem_8_5> <mem_8_6> <mem_8_7> 
INFO:Xst:2261 - The FF/Latch <mem_20_0> in Unit <sRAM32x8_generic> is equivalent to the following 7 FFs/Latches, which will be removed : <mem_20_1> <mem_20_2> <mem_20_3> <mem_20_4> <mem_20_5> <mem_20_6> <mem_20_7> 
INFO:Xst:2261 - The FF/Latch <mem_15_0> in Unit <sRAM32x8_generic> is equivalent to the following 7 FFs/Latches, which will be removed : <mem_15_1> <mem_15_2> <mem_15_3> <mem_15_4> <mem_15_5> <mem_15_6> <mem_15_7> 
INFO:Xst:2261 - The FF/Latch <mem_6_0> in Unit <sRAM32x8_generic> is equivalent to the following 7 FFs/Latches, which will be removed : <mem_6_1> <mem_6_2> <mem_6_3> <mem_6_4> <mem_6_5> <mem_6_6> <mem_6_7> 
INFO:Xst:2261 - The FF/Latch <mem_13_0> in Unit <sRAM32x8_generic> is equivalent to the following 7 FFs/Latches, which will be removed : <mem_13_1> <mem_13_2> <mem_13_3> <mem_13_4> <mem_13_5> <mem_13_6> <mem_13_7> 
INFO:Xst:2261 - The FF/Latch <mem_4_0> in Unit <sRAM32x8_generic> is equivalent to the following 7 FFs/Latches, which will be removed : <mem_4_1> <mem_4_2> <mem_4_3> <mem_4_4> <mem_4_5> <mem_4_6> <mem_4_7> 
INFO:Xst:2261 - The FF/Latch <mem_11_0> in Unit <sRAM32x8_generic> is equivalent to the following 7 FFs/Latches, which will be removed : <mem_11_1> <mem_11_2> <mem_11_3> <mem_11_4> <mem_11_5> <mem_11_6> <mem_11_7> 
INFO:Xst:2261 - The FF/Latch <mem_2_0> in Unit <sRAM32x8_generic> is equivalent to the following 7 FFs/Latches, which will be removed : <mem_2_1> <mem_2_2> <mem_2_3> <mem_2_4> <mem_2_5> <mem_2_6> <mem_2_7> 
INFO:Xst:2261 - The FF/Latch <mem_29_0> in Unit <sRAM32x8_generic> is equivalent to the following 7 FFs/Latches, which will be removed : <mem_29_1> <mem_29_2> <mem_29_3> <mem_29_4> <mem_29_5> <mem_29_6> <mem_29_7> 
INFO:Xst:2261 - The FF/Latch <mem_27_0> in Unit <sRAM32x8_generic> is equivalent to the following 7 FFs/Latches, which will be removed : <mem_27_1> <mem_27_2> <mem_27_3> <mem_27_4> <mem_27_5> <mem_27_6> <mem_27_7> 
INFO:Xst:2261 - The FF/Latch <mem_30_0> in Unit <sRAM32x8_generic> is equivalent to the following 7 FFs/Latches, which will be removed : <mem_30_1> <mem_30_2> <mem_30_3> <mem_30_4> <mem_30_5> <mem_30_6> <mem_30_7> 
INFO:Xst:2261 - The FF/Latch <mem_25_0> in Unit <sRAM32x8_generic> is equivalent to the following 7 FFs/Latches, which will be removed : <mem_25_1> <mem_25_2> <mem_25_3> <mem_25_4> <mem_25_5> <mem_25_6> <mem_25_7> 
INFO:Xst:2261 - The FF/Latch <mem_23_0> in Unit <sRAM32x8_generic> is equivalent to the following 7 FFs/Latches, which will be removed : <mem_23_1> <mem_23_2> <mem_23_3> <mem_23_4> <mem_23_5> <mem_23_6> <mem_23_7> 
INFO:Xst:2261 - The FF/Latch <mem_18_0> in Unit <sRAM32x8_generic> is equivalent to the following 7 FFs/Latches, which will be removed : <mem_18_1> <mem_18_2> <mem_18_3> <mem_18_4> <mem_18_5> <mem_18_6> <mem_18_7> 
INFO:Xst:2261 - The FF/Latch <RBout_1> in Unit <bin2BCD3en> is equivalent to the following FF/Latch, which will be removed : <RBout_0> 
WARNING:Xst:1293 - FF/Latch <mem_3_0> has a constant value of 0 in block <sRAM32x8_generic>. This FF/Latch will be trimmed during the optimization process.
WARNING:Xst:1293 - FF/Latch <mem_29_0> has a constant value of 0 in block <sRAM32x8_generic>. This FF/Latch will be trimmed during the optimization process.
WARNING:Xst:1293 - FF/Latch <mem_2_0> has a constant value of 0 in block <sRAM32x8_generic>. This FF/Latch will be trimmed during the optimization process.
WARNING:Xst:1293 - FF/Latch <mem_28_0> has a constant value of 0 in block <sRAM32x8_generic>. This FF/Latch will be trimmed during the optimization process.
WARNING:Xst:1293 - FF/Latch <mem_1_0> has a constant value of 0 in block <sRAM32x8_generic>. This FF/Latch will be trimmed during the optimization process.
WARNING:Xst:1293 - FF/Latch <mem_27_0> has a constant value of 0 in block <sRAM32x8_generic>. This FF/Latch will be trimmed during the optimization process.
WARNING:Xst:1293 - FF/Latch <mem_0_0> has a constant value of 0 in block <sRAM32x8_generic>. This FF/Latch will be trimmed during the optimization process.
WARNING:Xst:1293 - FF/Latch <mem_26_0> has a constant value of 0 in block <sRAM32x8_generic>. This FF/Latch will be trimmed during the optimization process.
WARNING:Xst:1293 - FF/Latch <mem_31_0> has a constant value of 0 in block <sRAM32x8_generic>. This FF/Latch will be trimmed during the optimization process.
WARNING:Xst:1293 - FF/Latch <mem_25_0> has a constant value of 0 in block <sRAM32x8_generic>. This FF/Latch will be trimmed during the optimization process.
WARNING:Xst:1293 - FF/Latch <mem_30_0> has a constant value of 0 in block <sRAM32x8_generic>. This FF/Latch will be trimmed during the optimization process.
WARNING:Xst:1293 - FF/Latch <mem_19_0> has a constant value of 0 in block <sRAM32x8_generic>. This FF/Latch will be trimmed during the optimization process.
WARNING:Xst:1293 - FF/Latch <mem_18_0> has a constant value of 0 in block <sRAM32x8_generic>. This FF/Latch will be trimmed during the optimization process.
WARNING:Xst:1293 - FF/Latch <mem_23_0> has a constant value of 0 in block <sRAM32x8_generic>. This FF/Latch will be trimmed during the optimization process.
WARNING:Xst:1293 - FF/Latch <mem_24_0> has a constant value of 0 in block <sRAM32x8_generic>. This FF/Latch will be trimmed during the optimization process.
WARNING:Xst:1293 - FF/Latch <mem_17_0> has a constant value of 0 in block <sRAM32x8_generic>. This FF/Latch will be trimmed during the optimization process.
WARNING:Xst:1293 - FF/Latch <mem_22_0> has a constant value of 0 in block <sRAM32x8_generic>. This FF/Latch will be trimmed during the optimization process.
WARNING:Xst:1293 - FF/Latch <mem_16_0> has a constant value of 0 in block <sRAM32x8_generic>. This FF/Latch will be trimmed during the optimization process.
WARNING:Xst:1293 - FF/Latch <mem_21_0> has a constant value of 0 in block <sRAM32x8_generic>. This FF/Latch will be trimmed during the optimization process.
WARNING:Xst:1293 - FF/Latch <mem_15_0> has a constant value of 0 in block <sRAM32x8_generic>. This FF/Latch will be trimmed during the optimization process.
WARNING:Xst:1293 - FF/Latch <mem_20_0> has a constant value of 0 in block <sRAM32x8_generic>. This FF/Latch will be trimmed during the optimization process.
WARNING:Xst:1293 - FF/Latch <mem_14_0> has a constant value of 0 in block <sRAM32x8_generic>. This FF/Latch will be trimmed during the optimization process.
WARNING:Xst:1293 - FF/Latch <mem_13_0> has a constant value of 0 in block <sRAM32x8_generic>. This FF/Latch will be trimmed during the optimization process.
WARNING:Xst:1293 - FF/Latch <mem_12_0> has a constant value of 0 in block <sRAM32x8_generic>. This FF/Latch will be trimmed during the optimization process.
WARNING:Xst:1293 - FF/Latch <mem_11_0> has a constant value of 0 in block <sRAM32x8_generic>. This FF/Latch will be trimmed during the optimization process.
WARNING:Xst:1293 - FF/Latch <mem_10_0> has a constant value of 0 in block <sRAM32x8_generic>. This FF/Latch will be trimmed during the optimization process.
WARNING:Xst:1293 - FF/Latch <mem_9_0> has a constant value of 0 in block <sRAM32x8_generic>. This FF/Latch will be trimmed during the optimization process.
WARNING:Xst:1293 - FF/Latch <mem_8_0> has a constant value of 0 in block <sRAM32x8_generic>. This FF/Latch will be trimmed during the optimization process.
WARNING:Xst:1293 - FF/Latch <mem_7_0> has a constant value of 0 in block <sRAM32x8_generic>. This FF/Latch will be trimmed during the optimization process.
WARNING:Xst:1293 - FF/Latch <mem_5_0> has a constant value of 0 in block <sRAM32x8_generic>. This FF/Latch will be trimmed during the optimization process.
WARNING:Xst:1293 - FF/Latch <mem_4_0> has a constant value of 0 in block <sRAM32x8_generic>. This FF/Latch will be trimmed during the optimization process.
WARNING:Xst:1293 - FF/Latch <mem_6_0> has a constant value of 0 in block <sRAM32x8_generic>. This FF/Latch will be trimmed during the optimization process.
WARNING:Xst:1710 - FF/Latch <RBout_3> (without init value) has a constant value of 1 in block <bin2BCD3en>. This FF/Latch will be trimmed during the optimization process.
WARNING:Xst:1895 - Due to other FF/Latch trimming, FF/Latch <RBout_1> (without init value) has a constant value of 0 in block <bin2BCD3en>. This FF/Latch will be trimmed during the optimization process.

Optimizing unit <toplevel> ...

Optimizing unit <DCM_50M> ...

Optimizing unit <CRenc4bin> ...

Optimizing unit <FD4CE_MXILINX_toplevel> ...

Optimizing unit <bin2BCD3en> ...
WARNING:Xst:2677 - Node <XLXI_50/cnt10k_31> of sequential type is unconnected in block <toplevel>.
WARNING:Xst:2677 - Node <XLXI_50/cnt10k_30> of sequential type is unconnected in block <toplevel>.
WARNING:Xst:2677 - Node <XLXI_50/cnt10k_29> of sequential type is unconnected in block <toplevel>.
WARNING:Xst:2677 - Node <XLXI_50/cnt10k_28> of sequential type is unconnected in block <toplevel>.
WARNING:Xst:2677 - Node <XLXI_50/cnt10k_27> of sequential type is unconnected in block <toplevel>.
WARNING:Xst:2677 - Node <XLXI_50/cnt10k_26> of sequential type is unconnected in block <toplevel>.
WARNING:Xst:2677 - Node <XLXI_50/cnt10k_25> of sequential type is unconnected in block <toplevel>.
WARNING:Xst:2677 - Node <XLXI_50/cnt10k_24> of sequential type is unconnected in block <toplevel>.
WARNING:Xst:2677 - Node <XLXI_50/cnt10k_23> of sequential type is unconnected in block <toplevel>.
WARNING:Xst:2677 - Node <XLXI_50/cnt10k_22> of sequential type is unconnected in block <toplevel>.
WARNING:Xst:2677 - Node <XLXI_50/cnt10k_21> of sequential type is unconnected in block <toplevel>.
WARNING:Xst:2677 - Node <XLXI_50/cnt10k_20> of sequential type is unconnected in block <toplevel>.
WARNING:Xst:2677 - Node <XLXI_50/cnt10k_19> of sequential type is unconnected in block <toplevel>.
WARNING:Xst:2677 - Node <XLXI_50/cnt10k_18> of sequential type is unconnected in block <toplevel>.
WARNING:Xst:2677 - Node <XLXI_50/cnt10k_17> of sequential type is unconnected in block <toplevel>.
WARNING:Xst:2677 - Node <XLXI_50/cnt10k_16> of sequential type is unconnected in block <toplevel>.
WARNING:Xst:2677 - Node <XLXI_50/cnt10k_15> of sequential type is unconnected in block <toplevel>.
WARNING:Xst:2677 - Node <XLXI_50/cnt10k_14> of sequential type is unconnected in block <toplevel>.
WARNING:Xst:2677 - Node <XLXI_50/cnt10k_13> of sequential type is unconnected in block <toplevel>.
WARNING:Xst:2677 - Node <XLXI_50/cnt10k_12> of sequential type is unconnected in block <toplevel>.
WARNING:Xst:2677 - Node <XLXI_50/cnt10k_11> of sequential type is unconnected in block <toplevel>.
WARNING:Xst:2677 - Node <XLXI_50/cnt10k_10> of sequential type is unconnected in block <toplevel>.
WARNING:Xst:2677 - Node <XLXI_50/cnt10k_9> of sequential type is unconnected in block <toplevel>.
WARNING:Xst:2677 - Node <XLXI_50/cnt10k_8> of sequential type is unconnected in block <toplevel>.
WARNING:Xst:2677 - Node <XLXI_50/cnt10k_7> of sequential type is unconnected in block <toplevel>.
WARNING:Xst:2677 - Node <XLXI_50/cnt10k_6> of sequential type is unconnected in block <toplevel>.
WARNING:Xst:2677 - Node <XLXI_50/cnt10k_5> of sequential type is unconnected in block <toplevel>.
WARNING:Xst:2677 - Node <XLXI_50/cnt10k_4> of sequential type is unconnected in block <toplevel>.
WARNING:Xst:2677 - Node <XLXI_50/cnt10k_3> of sequential type is unconnected in block <toplevel>.
WARNING:Xst:2677 - Node <XLXI_50/cnt10k_2> of sequential type is unconnected in block <toplevel>.
WARNING:Xst:2677 - Node <XLXI_50/cnt10k_1> of sequential type is unconnected in block <toplevel>.
WARNING:Xst:2677 - Node <XLXI_50/cnt10k_0> of sequential type is unconnected in block <toplevel>.
WARNING:Xst:2677 - Node <XLXI_50/cnt1_31> of sequential type is unconnected in block <toplevel>.
WARNING:Xst:2677 - Node <XLXI_50/cnt1_30> of sequential type is unconnected in block <toplevel>.
WARNING:Xst:2677 - Node <XLXI_50/cnt1_29> of sequential type is unconnected in block <toplevel>.
WARNING:Xst:2677 - Node <XLXI_50/cnt1_28> of sequential type is unconnected in block <toplevel>.
WARNING:Xst:2677 - Node <XLXI_50/cnt1_27> of sequential type is unconnected in block <toplevel>.
WARNING:Xst:2677 - Node <XLXI_50/cnt1_26> of sequential type is unconnected in block <toplevel>.
WARNING:Xst:2677 - Node <XLXI_50/cnt1_25> of sequential type is unconnected in block <toplevel>.
WARNING:Xst:2677 - Node <XLXI_50/cnt1_24> of sequential type is unconnected in block <toplevel>.
WARNING:Xst:2677 - Node <XLXI_50/cnt1_23> of sequential type is unconnected in block <toplevel>.
WARNING:Xst:2677 - Node <XLXI_50/cnt1_22> of sequential type is unconnected in block <toplevel>.
WARNING:Xst:2677 - Node <XLXI_50/cnt1_21> of sequential type is unconnected in block <toplevel>.
WARNING:Xst:2677 - Node <XLXI_50/cnt1_20> of sequential type is unconnected in block <toplevel>.
WARNING:Xst:2677 - Node <XLXI_50/cnt1_19> of sequential type is unconnected in block <toplevel>.
WARNING:Xst:2677 - Node <XLXI_50/cnt1_18> of sequential type is unconnected in block <toplevel>.
WARNING:Xst:2677 - Node <XLXI_50/cnt1_17> of sequential type is unconnected in block <toplevel>.
WARNING:Xst:2677 - Node <XLXI_50/cnt1_16> of sequential type is unconnected in block <toplevel>.
WARNING:Xst:2677 - Node <XLXI_50/cnt1_15> of sequential type is unconnected in block <toplevel>.
WARNING:Xst:2677 - Node <XLXI_50/cnt1_14> of sequential type is unconnected in block <toplevel>.
WARNING:Xst:2677 - Node <XLXI_50/cnt1_13> of sequential type is unconnected in block <toplevel>.
WARNING:Xst:2677 - Node <XLXI_50/cnt1_12> of sequential type is unconnected in block <toplevel>.
WARNING:Xst:2677 - Node <XLXI_50/cnt1_11> of sequential type is unconnected in block <toplevel>.
WARNING:Xst:2677 - Node <XLXI_50/cnt1_10> of sequential type is unconnected in block <toplevel>.
WARNING:Xst:2677 - Node <XLXI_50/cnt1_9> of sequential type is unconnected in block <toplevel>.
WARNING:Xst:2677 - Node <XLXI_50/cnt1_8> of sequential type is unconnected in block <toplevel>.
WARNING:Xst:2677 - Node <XLXI_50/cnt1_7> of sequential type is unconnected in block <toplevel>.
WARNING:Xst:2677 - Node <XLXI_50/cnt1_6> of sequential type is unconnected in block <toplevel>.
WARNING:Xst:2677 - Node <XLXI_50/cnt1_5> of sequential type is unconnected in block <toplevel>.
WARNING:Xst:2677 - Node <XLXI_50/cnt1_4> of sequential type is unconnected in block <toplevel>.
WARNING:Xst:2677 - Node <XLXI_50/cnt1_3> of sequential type is unconnected in block <toplevel>.
WARNING:Xst:2677 - Node <XLXI_50/cnt1_2> of sequential type is unconnected in block <toplevel>.
WARNING:Xst:2677 - Node <XLXI_50/cnt1_1> of sequential type is unconnected in block <toplevel>.
WARNING:Xst:2677 - Node <XLXI_50/cnt1_0> of sequential type is unconnected in block <toplevel>.
WARNING:Xst:2677 - Node <XLXI_50/clk_1> of sequential type is unconnected in block <toplevel>.
WARNING:Xst:2677 - Node <XLXI_50/clk_10k> of sequential type is unconnected in block <toplevel>.
WARNING:Xst:2677 - Node <XLXI_51/RBout_2> of sequential type is unconnected in block <toplevel>.

Mapping all equations...
Building and optimizing final netlist ...
Found area constraint ratio of 100 (+ 5) on block toplevel, actual ratio is 14.

Final Macro Processing ...

=========================================================================
Final Register Report

Macro Statistics
# Registers                                            : 106
 Flip-Flops                                            : 106

=========================================================================

=========================================================================
*                           Partition Report                            *
=========================================================================

Partition Implementation Status
-------------------------------

  No Partitions were found in this design.

-------------------------------

=========================================================================
*                            Final Report                               *
=========================================================================
Final Results
RTL Top Level Output File Name     : toplevel.ngr
Top Level Output File Name         : toplevel
Output Format                      : NGC
Optimization Goal                  : Speed
Keep Hierarchy                     : No

Design Statistics
# IOs                              : 21

Cell Usage :
# BELS                             : 527
#      GND                         : 1
#      INV                         : 11
#      LUT1                        : 65
#      LUT2                        : 60
#      LUT3                        : 45
#      LUT4                        : 65
#      MUXCY                       : 147
#      MUXF5                       : 4
#      VCC                         : 1
#      XORCY                       : 128
# FlipFlops/Latches                : 106
#      FD                          : 4
#      FDC                         : 2
#      FDCE                        : 12
#      FDCP                        : 8
#      FDE                         : 74
#      FDR                         : 1
#      FDRS                        : 1
#      FDS                         : 4
# Clock Buffers                    : 3
#      BUFG                        : 2
#      BUFGP                       : 1
# IO Buffers                       : 19
#      IBUF                        : 4
#      OBUF                        : 15
# Others                           : 5
#      PULLDOWN                    : 4
#      PULLUP                      : 1
=========================================================================

Device utilization summary:
---------------------------

Selected Device : 3s100ecp132-4 

 Number of Slices:                      131  out of    960    13%  
 Number of Slice Flip Flops:            106  out of   1920     5%  
 Number of 4 input LUTs:                246  out of   1920    12%  
 Number of IOs:                          21
 Number of bonded IOBs:                  20  out of     83    24%  
 Number of GCLKs:                         3  out of     24    12%  

---------------------------
Partition Resource Summary:
---------------------------

  No Partitions were found in this design.

---------------------------


=========================================================================
TIMING REPORT

NOTE: THESE TIMING NUMBERS ARE ONLY A SYNTHESIS ESTIMATE.
      FOR ACCURATE TIMING INFORMATION PLEASE REFER TO THE TRACE REPORT
      GENERATED AFTER PLACE-and-ROUTE.

Clock Information:
------------------
-----------------------------------+------------------------+-------+
Clock Signal                       | Clock buffer(FF name)  | Load  |
-----------------------------------+------------------------+-------+
XLXI_50/clk_1k1                    | BUFG                   | 39    |
XLXI_111/XLXI_67/G1/keyO           | NONE(XLXI_111/XLXI_89) | 1     |
B8                                 | BUFGP                  | 33    |
XLXI_50/clk_1m1                    | BUFG                   | 33    |
-----------------------------------+------------------------+-------+
INFO:Xst:2169 - HDL ADVISOR - Some clock signals were not automatically buffered by XST with BUFG/BUFR resources. Please use the buffer_type constraint in order to insert these buffers to the clock signals to help prevent skew problems.

Asynchronous Control Signals Information:
----------------------------------------
---------------------------------------------------+-----------------------------+-------+
Control Signal                                     | Buffer(FF name)             | Load  |
---------------------------------------------------+-----------------------------+-------+
N0(XST_GND:G)                                      | NONE(XLXI_111/XLXI_110/I_Q0)| 12    |
XLXI_51/Dout0_0_and0000(XLXI_51/Dout0_0_and00001:O)| NONE(XLXI_51/Dout0_0)       | 1     |
XLXI_51/Dout0_0_and0001(XLXI_51/Dout0_0_and00011:O)| NONE(XLXI_51/Dout0_0)       | 1     |
XLXI_51/Dout0_1_and0000(XLXI_51/Dout0_1_and00001:O)| NONE(XLXI_51/Dout0_1)       | 1     |
XLXI_51/Dout0_1_and0001(XLXI_51/Dout0_1_and00011:O)| NONE(XLXI_51/Dout0_1)       | 1     |
XLXI_51/Dout0_2_and0000(XLXI_51/Dout0_2_and00001:O)| NONE(XLXI_51/Dout0_2)       | 1     |
XLXI_51/Dout0_2_and0001(XLXI_51/Dout0_2_and00011:O)| NONE(XLXI_51/Dout0_2)       | 1     |
XLXI_51/Dout0_3_and0000(XLXI_51/Dout0_3_and00001:O)| NONE(XLXI_51/Dout0_3)       | 1     |
XLXI_51/Dout0_3_and0001(XLXI_51/Dout0_3_and00011:O)| NONE(XLXI_51/Dout0_3)       | 1     |
XLXI_51/Dout1_0_and0000(XLXI_51/Dout1_0_and00001:O)| NONE(XLXI_51/Dout1_0)       | 1     |
XLXI_51/Dout1_0_and0001(XLXI_51/Dout1_0_and00011:O)| NONE(XLXI_51/Dout1_0)       | 1     |
XLXI_51/Dout1_1_and0000(XLXI_51/Dout1_1_and00001:O)| NONE(XLXI_51/Dout1_1)       | 1     |
XLXI_51/Dout1_1_and0001(XLXI_51/Dout1_1_and00011:O)| NONE(XLXI_51/Dout1_1)       | 1     |
XLXI_51/Dout1_2_and0000(XLXI_51/Dout1_2_and00001:O)| NONE(XLXI_51/Dout1_2)       | 1     |
XLXI_51/Dout1_2_and0001(XLXI_51/Dout1_2_and00011:O)| NONE(XLXI_51/Dout1_2)       | 1     |
XLXI_51/Dout1_3_and0000(XLXI_51/Dout1_3_and00001:O)| NONE(XLXI_51/Dout1_3)       | 1     |
XLXI_51/Dout1_3_and0001(XLXI_51/Dout1_3_and00011:O)| NONE(XLXI_51/Dout1_3)       | 1     |
---------------------------------------------------+-----------------------------+-------+

Timing Summary:
---------------
Speed Grade: -4

   Minimum period: 12.220ns (Maximum Frequency: 81.834MHz)
   Minimum input arrival time before clock: 5.839ns
   Maximum output required time after clock: 8.721ns
   Maximum combinational path delay: No path found

Timing Detail:
--------------
All values displayed in nanoseconds (ns)

=========================================================================
Timing constraint: Default period analysis for Clock 'XLXI_50/clk_1k1'
  Clock period: 6.749ns (frequency: 148.170MHz)
  Total number of paths / destination ports: 869 / 55
-------------------------------------------------------------------------
Delay:               6.749ns (Levels of Logic = 5)
  Source:            XLXI_111/XLXI_69/I_Q0 (FF)
  Destination:       XLXI_51/Dout1_1 (FF)
  Source Clock:      XLXI_50/clk_1k1 rising
  Destination Clock: XLXI_50/clk_1k1 rising

  Data Path: XLXI_111/XLXI_69/I_Q0 to XLXI_51/Dout1_1
                                Gate     Net
    Cell:in->out      fanout   Delay   Delay  Logical Name (Net Name)
    ----------------------------------------  ------------
     FDCE:C->Q             6   0.591   0.844  I_Q0 (Q0)
     end scope: 'XLXI_111/XLXI_69'
     LUT4:I0->O            4   0.704   0.762  XLXI_51/Mrom_b4_mux000011 (XLXI_51/Mrom_b4_mux0000)
     LUT4:I0->O            4   0.704   0.666  XLXI_51/Mrom_b6_mux000021 (XLXI_51/Mrom_b6_mux00002)
     LUT4:I1->O            4   0.704   0.762  XLXI_51/Mrom_b8_mux000031 (XLXI_51/Mrom_b8_mux00003)
     LUT4:I0->O            1   0.704   0.000  XLXI_51/Mrom_b11_mux000021 (XLXI_51/Mrom_b11_mux00002)
     FDCP:D                    0.308          XLXI_51/Dout1_3
    ----------------------------------------
    Total                      6.749ns (3.715ns logic, 3.034ns route)
                                       (55.0% logic, 45.0% route)

=========================================================================
Timing constraint: Default period analysis for Clock 'XLXI_111/XLXI_67/G1/keyO'
  Clock period: 2.869ns (frequency: 348.553MHz)
  Total number of paths / destination ports: 1 / 1
-------------------------------------------------------------------------
Delay:               2.869ns (Levels of Logic = 1)
  Source:            XLXI_111/XLXI_89 (FF)
  Destination:       XLXI_111/XLXI_89 (FF)
  Source Clock:      XLXI_111/XLXI_67/G1/keyO rising
  Destination Clock: XLXI_111/XLXI_67/G1/keyO rising

  Data Path: XLXI_111/XLXI_89 to XLXI_111/XLXI_89
                                Gate     Net
    Cell:in->out      fanout   Delay   Delay  Logical Name (Net Name)
    ----------------------------------------  ------------
     FD:C->Q               5   0.591   0.633  XLXI_111/XLXI_89 (XLXI_111/FDKey)
     INV:I->O              5   0.704   0.633  XLXI_111/XLXI_90 (XLXI_111/FDKeyI)
     FD:D                      0.308          XLXI_111/XLXI_89
    ----------------------------------------
    Total                      2.869ns (1.603ns logic, 1.266ns route)
                                       (55.9% logic, 44.1% route)

=========================================================================
Timing constraint: Default period analysis for Clock 'B8'
  Clock period: 12.220ns (frequency: 81.834MHz)
  Total number of paths / destination ports: 296737 / 34
-------------------------------------------------------------------------
Delay:               12.220ns (Levels of Logic = 66)
  Source:            XLXI_50/cnt1M_1 (FF)
  Destination:       XLXI_50/cnt1M_31 (FF)
  Source Clock:      B8 rising
  Destination Clock: B8 rising

  Data Path: XLXI_50/cnt1M_1 to XLXI_50/cnt1M_31
                                Gate     Net
    Cell:in->out      fanout   Delay   Delay  Logical Name (Net Name)
    ----------------------------------------  ------------
     FDE:C->Q              2   0.591   0.622  XLXI_50/cnt1M_1 (XLXI_50/cnt1M_1)
     LUT1:I0->O            1   0.704   0.000  XLXI_50/Madd_clk_1m_add0000_cy<1>_rt (XLXI_50/Madd_clk_1m_add0000_cy<1>_rt)
     MUXCY:S->O            1   0.464   0.000  XLXI_50/Madd_clk_1m_add0000_cy<1> (XLXI_50/Madd_clk_1m_add0000_cy<1>)
     MUXCY:CI->O           1   0.059   0.000  XLXI_50/Madd_clk_1m_add0000_cy<2> (XLXI_50/Madd_clk_1m_add0000_cy<2>)
     MUXCY:CI->O           1   0.059   0.000  XLXI_50/Madd_clk_1m_add0000_cy<3> (XLXI_50/Madd_clk_1m_add0000_cy<3>)
     MUXCY:CI->O           1   0.059   0.000  XLXI_50/Madd_clk_1m_add0000_cy<4> (XLXI_50/Madd_clk_1m_add0000_cy<4>)
     MUXCY:CI->O           1   0.059   0.000  XLXI_50/Madd_clk_1m_add0000_cy<5> (XLXI_50/Madd_clk_1m_add0000_cy<5>)
     MUXCY:CI->O           1   0.059   0.000  XLXI_50/Madd_clk_1m_add0000_cy<6> (XLXI_50/Madd_clk_1m_add0000_cy<6>)
     MUXCY:CI->O           1   0.059   0.000  XLXI_50/Madd_clk_1m_add0000_cy<7> (XLXI_50/Madd_clk_1m_add0000_cy<7>)
     MUXCY:CI->O           1   0.059   0.000  XLXI_50/Madd_clk_1m_add0000_cy<8> (XLXI_50/Madd_clk_1m_add0000_cy<8>)
     MUXCY:CI->O           1   0.059   0.000  XLXI_50/Madd_clk_1m_add0000_cy<9> (XLXI_50/Madd_clk_1m_add0000_cy<9>)
     MUXCY:CI->O           1   0.059   0.000  XLXI_50/Madd_clk_1m_add0000_cy<10> (XLXI_50/Madd_clk_1m_add0000_cy<10>)
     MUXCY:CI->O           1   0.059   0.000  XLXI_50/Madd_clk_1m_add0000_cy<11> (XLXI_50/Madd_clk_1m_add0000_cy<11>)
     MUXCY:CI->O           1   0.059   0.000  XLXI_50/Madd_clk_1m_add0000_cy<12> (XLXI_50/Madd_clk_1m_add0000_cy<12>)
     MUXCY:CI->O           1   0.059   0.000  XLXI_50/Madd_clk_1m_add0000_cy<13> (XLXI_50/Madd_clk_1m_add0000_cy<13>)
     MUXCY:CI->O           1   0.059   0.000  XLXI_50/Madd_clk_1m_add0000_cy<14> (XLXI_50/Madd_clk_1m_add0000_cy<14>)
     MUXCY:CI->O           1   0.059   0.000  XLXI_50/Madd_clk_1m_add0000_cy<15> (XLXI_50/Madd_clk_1m_add0000_cy<15>)
     MUXCY:CI->O           1   0.059   0.000  XLXI_50/Madd_clk_1m_add0000_cy<16> (XLXI_50/Madd_clk_1m_add0000_cy<16>)
     MUXCY:CI->O           1   0.059   0.000  XLXI_50/Madd_clk_1m_add0000_cy<17> (XLXI_50/Madd_clk_1m_add0000_cy<17>)
     MUXCY:CI->O           1   0.059   0.000  XLXI_50/Madd_clk_1m_add0000_cy<18> (XLXI_50/Madd_clk_1m_add0000_cy<18>)
     MUXCY:CI->O           1   0.059   0.000  XLXI_50/Madd_clk_1m_add0000_cy<19> (XLXI_50/Madd_clk_1m_add0000_cy<19>)
     MUXCY:CI->O           1   0.059   0.000  XLXI_50/Madd_clk_1m_add0000_cy<20> (XLXI_50/Madd_clk_1m_add0000_cy<20>)
     MUXCY:CI->O           1   0.059   0.000  XLXI_50/Madd_clk_1m_add0000_cy<21> (XLXI_50/Madd_clk_1m_add0000_cy<21>)
     MUXCY:CI->O           1   0.059   0.000  XLXI_50/Madd_clk_1m_add0000_cy<22> (XLXI_50/Madd_clk_1m_add0000_cy<22>)
     MUXCY:CI->O           1   0.059   0.000  XLXI_50/Madd_clk_1m_add0000_cy<23> (XLXI_50/Madd_clk_1m_add0000_cy<23>)
     MUXCY:CI->O           1   0.059   0.000  XLXI_50/Madd_clk_1m_add0000_cy<24> (XLXI_50/Madd_clk_1m_add0000_cy<24>)
     MUXCY:CI->O           1   0.059   0.000  XLXI_50/Madd_clk_1m_add0000_cy<25> (XLXI_50/Madd_clk_1m_add0000_cy<25>)
     MUXCY:CI->O           1   0.059   0.000  XLXI_50/Madd_clk_1m_add0000_cy<26> (XLXI_50/Madd_clk_1m_add0000_cy<26>)
     MUXCY:CI->O           1   0.059   0.000  XLXI_50/Madd_clk_1m_add0000_cy<27> (XLXI_50/Madd_clk_1m_add0000_cy<27>)
     MUXCY:CI->O           1   0.059   0.000  XLXI_50/Madd_clk_1m_add0000_cy<28> (XLXI_50/Madd_clk_1m_add0000_cy<28>)
     XORCY:CI->O           1   0.804   0.595  XLXI_50/Madd_clk_1m_add0000_xor<29> (XLXI_50/clk_1m_add0000<29>)
     LUT2:I0->O            1   0.704   0.000  XLXI_50/Mcompar_cnt1M_cmp_ge0000_lut<9> (XLXI_50/Mcompar_cnt1M_cmp_ge0000_lut<9>)
     MUXCY:S->O            1   0.464   0.000  XLXI_50/Mcompar_cnt1M_cmp_ge0000_cy<9> (XLXI_50/Mcompar_cnt1M_cmp_ge0000_cy<9>)
     MUXCY:CI->O          34   0.331   1.298  XLXI_50/Mcompar_cnt1M_cmp_ge0000_cy<10> (XLXI_50/cnt1M_cmp_ge0000)
     LUT3:I2->O            1   0.704   0.000  XLXI_50/Mcount_cnt1M_lut<0> (XLXI_50/Mcount_cnt1M_lut<0>)
     MUXCY:S->O            1   0.464   0.000  XLXI_50/Mcount_cnt1M_cy<0> (XLXI_50/Mcount_cnt1M_cy<0>)
     MUXCY:CI->O           1   0.059   0.000  XLXI_50/Mcount_cnt1M_cy<1> (XLXI_50/Mcount_cnt1M_cy<1>)
     MUXCY:CI->O           1   0.059   0.000  XLXI_50/Mcount_cnt1M_cy<2> (XLXI_50/Mcount_cnt1M_cy<2>)
     MUXCY:CI->O           1   0.059   0.000  XLXI_50/Mcount_cnt1M_cy<3> (XLXI_50/Mcount_cnt1M_cy<3>)
     MUXCY:CI->O           1   0.059   0.000  XLXI_50/Mcount_cnt1M_cy<4> (XLXI_50/Mcount_cnt1M_cy<4>)
     MUXCY:CI->O           1   0.059   0.000  XLXI_50/Mcount_cnt1M_cy<5> (XLXI_50/Mcount_cnt1M_cy<5>)
     MUXCY:CI->O           1   0.059   0.000  XLXI_50/Mcount_cnt1M_cy<6> (XLXI_50/Mcount_cnt1M_cy<6>)
     MUXCY:CI->O           1   0.059   0.000  XLXI_50/Mcount_cnt1M_cy<7> (XLXI_50/Mcount_cnt1M_cy<7>)
     MUXCY:CI->O           1   0.059   0.000  XLXI_50/Mcount_cnt1M_cy<8> (XLXI_50/Mcount_cnt1M_cy<8>)
     MUXCY:CI->O           1   0.059   0.000  XLXI_50/Mcount_cnt1M_cy<9> (XLXI_50/Mcount_cnt1M_cy<9>)
     MUXCY:CI->O           1   0.059   0.000  XLXI_50/Mcount_cnt1M_cy<10> (XLXI_50/Mcount_cnt1M_cy<10>)
     MUXCY:CI->O           1   0.059   0.000  XLXI_50/Mcount_cnt1M_cy<11> (XLXI_50/Mcount_cnt1M_cy<11>)
     MUXCY:CI->O           1   0.059   0.000  XLXI_50/Mcount_cnt1M_cy<12> (XLXI_50/Mcount_cnt1M_cy<12>)
     MUXCY:CI->O           1   0.059   0.000  XLXI_50/Mcount_cnt1M_cy<13> (XLXI_50/Mcount_cnt1M_cy<13>)
     MUXCY:CI->O           1   0.059   0.000  XLXI_50/Mcount_cnt1M_cy<14> (XLXI_50/Mcount_cnt1M_cy<14>)
     MUXCY:CI->O           1   0.059   0.000  XLXI_50/Mcount_cnt1M_cy<15> (XLXI_50/Mcount_cnt1M_cy<15>)
     MUXCY:CI->O           1   0.059   0.000  XLXI_50/Mcount_cnt1M_cy<16> (XLXI_50/Mcount_cnt1M_cy<16>)
     MUXCY:CI->O           1   0.059   0.000  XLXI_50/Mcount_cnt1M_cy<17> (XLXI_50/Mcount_cnt1M_cy<17>)
     MUXCY:CI->O           1   0.059   0.000  XLXI_50/Mcount_cnt1M_cy<18> (XLXI_50/Mcount_cnt1M_cy<18>)
     MUXCY:CI->O           1   0.059   0.000  XLXI_50/Mcount_cnt1M_cy<19> (XLXI_50/Mcount_cnt1M_cy<19>)
     MUXCY:CI->O           1   0.059   0.000  XLXI_50/Mcount_cnt1M_cy<20> (XLXI_50/Mcount_cnt1M_cy<20>)
     MUXCY:CI->O           1   0.059   0.000  XLXI_50/Mcount_cnt1M_cy<21> (XLXI_50/Mcount_cnt1M_cy<21>)
     MUXCY:CI->O           1   0.059   0.000  XLXI_50/Mcount_cnt1M_cy<22> (XLXI_50/Mcount_cnt1M_cy<22>)
     MUXCY:CI->O           1   0.059   0.000  XLXI_50/Mcount_cnt1M_cy<23> (XLXI_50/Mcount_cnt1M_cy<23>)
     MUXCY:CI->O           1   0.059   0.000  XLXI_50/Mcount_cnt1M_cy<24> (XLXI_50/Mcount_cnt1M_cy<24>)
     MUXCY:CI->O           1   0.059   0.000  XLXI_50/Mcount_cnt1M_cy<25> (XLXI_50/Mcount_cnt1M_cy<25>)
     MUXCY:CI->O           1   0.059   0.000  XLXI_50/Mcount_cnt1M_cy<26> (XLXI_50/Mcount_cnt1M_cy<26>)
     MUXCY:CI->O           1   0.059   0.000  XLXI_50/Mcount_cnt1M_cy<27> (XLXI_50/Mcount_cnt1M_cy<27>)
     MUXCY:CI->O           1   0.059   0.000  XLXI_50/Mcount_cnt1M_cy<28> (XLXI_50/Mcount_cnt1M_cy<28>)
     MUXCY:CI->O           1   0.059   0.000  XLXI_50/Mcount_cnt1M_cy<29> (XLXI_50/Mcount_cnt1M_cy<29>)
     MUXCY:CI->O           0   0.059   0.000  XLXI_50/Mcount_cnt1M_cy<30> (XLXI_50/Mcount_cnt1M_cy<30>)
     XORCY:CI->O           1   0.804   0.000  XLXI_50/Mcount_cnt1M_xor<31> (XLXI_50/Mcount_cnt1M31)
     FDE:D                     0.308          XLXI_50/cnt1M_31
    ----------------------------------------
    Total                     12.220ns (9.705ns logic, 2.515ns route)
                                       (79.4% logic, 20.6% route)

=========================================================================
Timing constraint: Default period analysis for Clock 'XLXI_50/clk_1m1'
  Clock period: 11.992ns (frequency: 83.390MHz)
  Total number of paths / destination ports: 314689 / 34
-------------------------------------------------------------------------
Delay:               11.992ns (Levels of Logic = 66)
  Source:            XLXI_50/cnt1k_1 (FF)
  Destination:       XLXI_50/cnt1k_31 (FF)
  Source Clock:      XLXI_50/clk_1m1 rising
  Destination Clock: XLXI_50/clk_1m1 rising

  Data Path: XLXI_50/cnt1k_1 to XLXI_50/cnt1k_31
                                Gate     Net
    Cell:in->out      fanout   Delay   Delay  Logical Name (Net Name)
    ----------------------------------------  ------------
     FDE:C->Q              2   0.591   0.622  XLXI_50/cnt1k_1 (XLXI_50/cnt1k_1)
     LUT1:I0->O            1   0.704   0.000  XLXI_50/Madd_clk_1k_add0000_cy<1>_rt (XLXI_50/Madd_clk_1k_add0000_cy<1>_rt)
     MUXCY:S->O            1   0.464   0.000  XLXI_50/Madd_clk_1k_add0000_cy<1> (XLXI_50/Madd_clk_1k_add0000_cy<1>)
     MUXCY:CI->O           1   0.059   0.000  XLXI_50/Madd_clk_1k_add0000_cy<2> (XLXI_50/Madd_clk_1k_add0000_cy<2>)
     MUXCY:CI->O           1   0.059   0.000  XLXI_50/Madd_clk_1k_add0000_cy<3> (XLXI_50/Madd_clk_1k_add0000_cy<3>)
     MUXCY:CI->O           1   0.059   0.000  XLXI_50/Madd_clk_1k_add0000_cy<4> (XLXI_50/Madd_clk_1k_add0000_cy<4>)
     MUXCY:CI->O           1   0.059   0.000  XLXI_50/Madd_clk_1k_add0000_cy<5> (XLXI_50/Madd_clk_1k_add0000_cy<5>)
     MUXCY:CI->O           1   0.059   0.000  XLXI_50/Madd_clk_1k_add0000_cy<6> (XLXI_50/Madd_clk_1k_add0000_cy<6>)
     MUXCY:CI->O           1   0.059   0.000  XLXI_50/Madd_clk_1k_add0000_cy<7> (XLXI_50/Madd_clk_1k_add0000_cy<7>)
     MUXCY:CI->O           1   0.059   0.000  XLXI_50/Madd_clk_1k_add0000_cy<8> (XLXI_50/Madd_clk_1k_add0000_cy<8>)
     MUXCY:CI->O           1   0.059   0.000  XLXI_50/Madd_clk_1k_add0000_cy<9> (XLXI_50/Madd_clk_1k_add0000_cy<9>)
     MUXCY:CI->O           1   0.059   0.000  XLXI_50/Madd_clk_1k_add0000_cy<10> (XLXI_50/Madd_clk_1k_add0000_cy<10>)
     MUXCY:CI->O           1   0.059   0.000  XLXI_50/Madd_clk_1k_add0000_cy<11> (XLXI_50/Madd_clk_1k_add0000_cy<11>)
     MUXCY:CI->O           1   0.059   0.000  XLXI_50/Madd_clk_1k_add0000_cy<12> (XLXI_50/Madd_clk_1k_add0000_cy<12>)
     MUXCY:CI->O           1   0.059   0.000  XLXI_50/Madd_clk_1k_add0000_cy<13> (XLXI_50/Madd_clk_1k_add0000_cy<13>)
     MUXCY:CI->O           1   0.059   0.000  XLXI_50/Madd_clk_1k_add0000_cy<14> (XLXI_50/Madd_clk_1k_add0000_cy<14>)
     MUXCY:CI->O           1   0.059   0.000  XLXI_50/Madd_clk_1k_add0000_cy<15> (XLXI_50/Madd_clk_1k_add0000_cy<15>)
     MUXCY:CI->O           1   0.059   0.000  XLXI_50/Madd_clk_1k_add0000_cy<16> (XLXI_50/Madd_clk_1k_add0000_cy<16>)
     MUXCY:CI->O           1   0.059   0.000  XLXI_50/Madd_clk_1k_add0000_cy<17> (XLXI_50/Madd_clk_1k_add0000_cy<17>)
     MUXCY:CI->O           1   0.059   0.000  XLXI_50/Madd_clk_1k_add0000_cy<18> (XLXI_50/Madd_clk_1k_add0000_cy<18>)
     MUXCY:CI->O           1   0.059   0.000  XLXI_50/Madd_clk_1k_add0000_cy<19> (XLXI_50/Madd_clk_1k_add0000_cy<19>)
     MUXCY:CI->O           1   0.059   0.000  XLXI_50/Madd_clk_1k_add0000_cy<20> (XLXI_50/Madd_clk_1k_add0000_cy<20>)
     MUXCY:CI->O           1   0.059   0.000  XLXI_50/Madd_clk_1k_add0000_cy<21> (XLXI_50/Madd_clk_1k_add0000_cy<21>)
     MUXCY:CI->O           1   0.059   0.000  XLXI_50/Madd_clk_1k_add0000_cy<22> (XLXI_50/Madd_clk_1k_add0000_cy<22>)
     MUXCY:CI->O           1   0.059   0.000  XLXI_50/Madd_clk_1k_add0000_cy<23> (XLXI_50/Madd_clk_1k_add0000_cy<23>)
     MUXCY:CI->O           1   0.059   0.000  XLXI_50/Madd_clk_1k_add0000_cy<24> (XLXI_50/Madd_clk_1k_add0000_cy<24>)
     MUXCY:CI->O           1   0.059   0.000  XLXI_50/Madd_clk_1k_add0000_cy<25> (XLXI_50/Madd_clk_1k_add0000_cy<25>)
     MUXCY:CI->O           1   0.059   0.000  XLXI_50/Madd_clk_1k_add0000_cy<26> (XLXI_50/Madd_clk_1k_add0000_cy<26>)
     MUXCY:CI->O           1   0.059   0.000  XLXI_50/Madd_clk_1k_add0000_cy<27> (XLXI_50/Madd_clk_1k_add0000_cy<27>)
     MUXCY:CI->O           1   0.059   0.000  XLXI_50/Madd_clk_1k_add0000_cy<28> (XLXI_50/Madd_clk_1k_add0000_cy<28>)
     XORCY:CI->O           1   0.804   0.595  XLXI_50/Madd_clk_1k_add0000_xor<29> (XLXI_50/clk_1k_add0000<29>)
     LUT2:I0->O            1   0.704   0.000  XLXI_50/Mcompar_cnt1k_cmp_gt0000_lut<10> (XLXI_50/Mcompar_cnt1k_cmp_gt0000_lut<10>)
     MUXCY:S->O            1   0.464   0.000  XLXI_50/Mcompar_cnt1k_cmp_gt0000_cy<10> (XLXI_50/Mcompar_cnt1k_cmp_gt0000_cy<10>)
     MUXCY:CI->O          34   0.059   1.342  XLXI_50/Mcompar_cnt1k_cmp_gt0000_cy<11> (XLXI_50/Mcompar_cnt1k_cmp_gt0000_cy<11>)
     LUT2:I1->O            1   0.704   0.000  XLXI_50/Mcount_cnt1k_lut<0> (XLXI_50/Mcount_cnt1k_lut<0>)
     MUXCY:S->O            1   0.464   0.000  XLXI_50/Mcount_cnt1k_cy<0> (XLXI_50/Mcount_cnt1k_cy<0>)
     MUXCY:CI->O           1   0.059   0.000  XLXI_50/Mcount_cnt1k_cy<1> (XLXI_50/Mcount_cnt1k_cy<1>)
     MUXCY:CI->O           1   0.059   0.000  XLXI_50/Mcount_cnt1k_cy<2> (XLXI_50/Mcount_cnt1k_cy<2>)
     MUXCY:CI->O           1   0.059   0.000  XLXI_50/Mcount_cnt1k_cy<3> (XLXI_50/Mcount_cnt1k_cy<3>)
     MUXCY:CI->O           1   0.059   0.000  XLXI_50/Mcount_cnt1k_cy<4> (XLXI_50/Mcount_cnt1k_cy<4>)
     MUXCY:CI->O           1   0.059   0.000  XLXI_50/Mcount_cnt1k_cy<5> (XLXI_50/Mcount_cnt1k_cy<5>)
     MUXCY:CI->O           1   0.059   0.000  XLXI_50/Mcount_cnt1k_cy<6> (XLXI_50/Mcount_cnt1k_cy<6>)
     MUXCY:CI->O           1   0.059   0.000  XLXI_50/Mcount_cnt1k_cy<7> (XLXI_50/Mcount_cnt1k_cy<7>)
     MUXCY:CI->O           1   0.059   0.000  XLXI_50/Mcount_cnt1k_cy<8> (XLXI_50/Mcount_cnt1k_cy<8>)
     MUXCY:CI->O           1   0.059   0.000  XLXI_50/Mcount_cnt1k_cy<9> (XLXI_50/Mcount_cnt1k_cy<9>)
     MUXCY:CI->O           1   0.059   0.000  XLXI_50/Mcount_cnt1k_cy<10> (XLXI_50/Mcount_cnt1k_cy<10>)
     MUXCY:CI->O           1   0.059   0.000  XLXI_50/Mcount_cnt1k_cy<11> (XLXI_50/Mcount_cnt1k_cy<11>)
     MUXCY:CI->O           1   0.059   0.000  XLXI_50/Mcount_cnt1k_cy<12> (XLXI_50/Mcount_cnt1k_cy<12>)
     MUXCY:CI->O           1   0.059   0.000  XLXI_50/Mcount_cnt1k_cy<13> (XLXI_50/Mcount_cnt1k_cy<13>)
     MUXCY:CI->O           1   0.059   0.000  XLXI_50/Mcount_cnt1k_cy<14> (XLXI_50/Mcount_cnt1k_cy<14>)
     MUXCY:CI->O           1   0.059   0.000  XLXI_50/Mcount_cnt1k_cy<15> (XLXI_50/Mcount_cnt1k_cy<15>)
     MUXCY:CI->O           1   0.059   0.000  XLXI_50/Mcount_cnt1k_cy<16> (XLXI_50/Mcount_cnt1k_cy<16>)
     MUXCY:CI->O           1   0.059   0.000  XLXI_50/Mcount_cnt1k_cy<17> (XLXI_50/Mcount_cnt1k_cy<17>)
     MUXCY:CI->O           1   0.059   0.000  XLXI_50/Mcount_cnt1k_cy<18> (XLXI_50/Mcount_cnt1k_cy<18>)
     MUXCY:CI->O           1   0.059   0.000  XLXI_50/Mcount_cnt1k_cy<19> (XLXI_50/Mcount_cnt1k_cy<19>)
     MUXCY:CI->O           1   0.059   0.000  XLXI_50/Mcount_cnt1k_cy<20> (XLXI_50/Mcount_cnt1k_cy<20>)
     MUXCY:CI->O           1   0.059   0.000  XLXI_50/Mcount_cnt1k_cy<21> (XLXI_50/Mcount_cnt1k_cy<21>)
     MUXCY:CI->O           1   0.059   0.000  XLXI_50/Mcount_cnt1k_cy<22> (XLXI_50/Mcount_cnt1k_cy<22>)
     MUXCY:CI->O           1   0.059   0.000  XLXI_50/Mcount_cnt1k_cy<23> (XLXI_50/Mcount_cnt1k_cy<23>)
     MUXCY:CI->O           1   0.059   0.000  XLXI_50/Mcount_cnt1k_cy<24> (XLXI_50/Mcount_cnt1k_cy<24>)
     MUXCY:CI->O           1   0.059   0.000  XLXI_50/Mcount_cnt1k_cy<25> (XLXI_50/Mcount_cnt1k_cy<25>)
     MUXCY:CI->O           1   0.059   0.000  XLXI_50/Mcount_cnt1k_cy<26> (XLXI_50/Mcount_cnt1k_cy<26>)
     MUXCY:CI->O           1   0.059   0.000  XLXI_50/Mcount_cnt1k_cy<27> (XLXI_50/Mcount_cnt1k_cy<27>)
     MUXCY:CI->O           1   0.059   0.000  XLXI_50/Mcount_cnt1k_cy<28> (XLXI_50/Mcount_cnt1k_cy<28>)
     MUXCY:CI->O           1   0.059   0.000  XLXI_50/Mcount_cnt1k_cy<29> (XLXI_50/Mcount_cnt1k_cy<29>)
     MUXCY:CI->O           0   0.059   0.000  XLXI_50/Mcount_cnt1k_cy<30> (XLXI_50/Mcount_cnt1k_cy<30>)
     XORCY:CI->O           1   0.804   0.000  XLXI_50/Mcount_cnt1k_xor<31> (XLXI_50/Mcount_cnt1k31)
     FDE:D                     0.308          XLXI_50/cnt1k_31
    ----------------------------------------
    Total                     11.992ns (9.433ns logic, 2.559ns route)
                                       (78.7% logic, 21.3% route)

=========================================================================
Timing constraint: Default OFFSET IN BEFORE for Clock 'XLXI_50/clk_1k1'
  Total number of paths / destination ports: 80 / 10
-------------------------------------------------------------------------
Offset:              5.839ns (Levels of Logic = 4)
  Source:            rowI<3> (PAD)
  Destination:       XLXI_111/XLXI_67/G1/binO_2 (FF)
  Destination Clock: XLXI_50/clk_1k1 rising

  Data Path: rowI<3> to XLXI_111/XLXI_67/G1/binO_2
                                Gate     Net
    Cell:in->out      fanout   Delay   Delay  Logical Name (Net Name)
    ----------------------------------------  ------------
     IBUF:I->O             6   1.218   0.844  rowI_3_IBUF (rowI_3_IBUF)
     LUT4:I0->O            4   0.704   0.762  XLXI_111/XLXI_67/G1/binO_mux0002<0>41 (XLXI_111/XLXI_67/G1/keyO_cmp_eq0001)
     LUT4:I0->O            1   0.704   0.595  XLXI_111/XLXI_67/G1/binO_mux0002<1>701_SW1 (N30)
     LUT4:I0->O            1   0.704   0.000  XLXI_111/XLXI_67/G1/binO_mux0002<1>701 (XLXI_111/XLXI_67/G1/binO_mux0002<1>70)
     FDS:D                     0.308          XLXI_111/XLXI_67/G1/binO_2
    ----------------------------------------
    Total                      5.839ns (3.638ns logic, 2.201ns route)
                                       (62.3% logic, 37.7% route)

=========================================================================
Timing constraint: Default OFFSET OUT AFTER for Clock 'XLXI_50/clk_1k1'
  Total number of paths / destination ports: 152 / 15
-------------------------------------------------------------------------
Offset:              8.721ns (Levels of Logic = 4)
  Source:            XLXI_12/sel_0 (FF)
  Destination:       sseg<5> (PAD)
  Source Clock:      XLXI_50/clk_1k1 rising

  Data Path: XLXI_12/sel_0 to sseg<5>
                                Gate     Net
    Cell:in->out      fanout   Delay   Delay  Logical Name (Net Name)
    ----------------------------------------  ------------
     FD:C->Q              10   0.591   0.961  XLXI_12/sel_0 (XLXI_12/sel_0)
     LUT2:I1->O            2   0.704   0.482  XLXI_11/hexO<3>_SW0 (N10)
     LUT4:I2->O            7   0.704   0.883  XLXI_11/hexO<3> (XLXN_26<3>)
     LUT4:I0->O            1   0.704   0.420  XLXI_9/Mrom_hexD_rom000041 (sseg_2_OBUF)
     OBUF:I->O                 3.272          sseg_2_OBUF (sseg<2>)
    ----------------------------------------
    Total                      8.721ns (5.975ns logic, 2.746ns route)
                                       (68.5% logic, 31.5% route)

=========================================================================


Total REAL time to Xst completion: 7.00 secs
Total CPU time to Xst completion: 6.39 secs
 
--> 

Total memory usage is 291500 kilobytes

Number of errors   :    0 (   0 filtered)
Number of warnings :  119 (   0 filtered)
Number of infos    :   40 (   0 filtered)

