
****** PlanAhead v14.7
  **** Build 321239 by xbuild on Fri Sep 27 19:31:35 MDT 2013
    ** Copyright 1986-1999, 2001-2013 Xilinx, Inc. All Rights Reserved.

INFO: [Common 17-78] Attempting to get a license: PlanAhead
INFO: [Common 17-290] Got license for PlanAhead
INFO: [Common 17-86] Your PlanAhead license expires in -1283 day(s)
INFO: [Device 21-36] Loading parts and site information from D:/Xilinx/14.7/ISE_DS/PlanAhead/data/parts/arch.xml
Parsing RTL primitives file [D:/Xilinx/14.7/ISE_DS/PlanAhead/data/parts/xilinx/rtl/prims/rtl_prims.xml]
Finished parsing RTL primitives file [D:/Xilinx/14.7/ISE_DS/PlanAhead/data/parts/xilinx/rtl/prims/rtl_prims.xml]
start_gui
source D:/Users/Butle/Documents/exilinks/pa.fromNetlist.tcl
# create_project -name finalproject -dir "D:/Users/Butle/Documents/exilinks/planAhead_run_1" -part xc3s100ecp132-4
# set_property design_mode GateLvl [get_property srcset [current_run -impl]]
# set_property edif_top_file "D:/Users/Butle/Documents/exilinks/toplevel.ngc" [ get_property srcset [ current_run ] ]
# add_files -norecurse { {D:/Users/Butle/Documents/exilinks} }
# set_param project.pinAheadLayout  yes
# set_property target_constrs_file "toplevel.ucf" [current_fileset -constrset]
Adding file 'D:/Users/Butle/Documents/exilinks/toplevel.ucf' to fileset 'constrs_1'
# add_files [list {toplevel.ucf}] -fileset [get_property constrset [current_run]]
# link_design
Design is defaulting to srcset: sources_1
Design is defaulting to constrset: constrs_1
Design is defaulting to project part: xc3s100ecp132-4
INFO: [Common 17-41] Interrupt caught. Command should exit soon.
